<?xml version="1.0" encoding="UTF-8"?>
<!-- Generated by org.testng.reporters.JUnitReportReporter -->
<testsuite skipped="0" hostname="Kaysar1027" name="testcase.TC_001" tests="1" failures="0" timestamp="30 Jul 2017 17:33:35 GMT" time="7.497" errors="0">
  <testcase name="testcase1" time="7.497" classname="testcase.TC_001"/>
</testsuite> <!-- testcase.TC_001 -->
